 
****************************************
Report : area
Design : pit_top
Version: V-2023.12
Date   : Sat Mar 23 15:47:52 2024
****************************************

Information: Updating design information... (UID-85)
Library(s) Used:

    saed90nm_max_lth (File: /home/vlsi/Desktop/DONOT_DELETE_IT/Standardcell/SAED90nm_EDK_10072017/SAED_EDK90nm/Digital_Standard_cell_Library/synopsys/models/saed90nm_max_lth.db)

Number of ports:                          312
Number of nets:                           614
Number of cells:                          316
Number of combinational cells:            245
Number of sequential cells:                62
Number of macros/black boxes:               0
Number of buf/inv:                         33
Number of references:                       6

Combinational area:               2556.518401
Buf/Inv area:                      182.476805
Noncombinational area:            1975.910429
Macro/Black Box area:                0.000000
Net Interconnect area:             225.795685

Total cell area:                  4532.428830
Total area:                       4758.224515
1
